<?xml version="1.0" encoding="UTF-8"?>
<!-- Generated by org.testng.reporters.JUnitReportReporter -->
<testsuite hostname="SuneelReddy-PC" name="testcase.EbayAssertions" tests="2" failures="0" timestamp="1 Dec 2016 20:52:16 GMT" time="1.289" errors="0">
  <testcase name="assertionOnEbay" time="0.781" classname="testcase.EbayAssertions"/>
  <testcase name="assertionUnderTextField" time="0.508" classname="testcase.EbayAssertions"/>
</testsuite> <!-- testcase.EbayAssertions -->
