<?xml version="1.0" encoding="UTF-8"?>
<!-- Generated by org.testng.reporters.JUnitReportReporter -->
<testsuite hostname="SuneelReddy-PC" name="testcase.EbayAssertions" tests="2" failures="0" timestamp="2 Dec 2016 01:33:32 GMT" time="1.559" errors="0">
  <testcase name="assertionOnEbay" time="0.940" classname="testcase.EbayAssertions"/>
  <testcase name="assertionUnderTextField" time="0.619" classname="testcase.EbayAssertions"/>
</testsuite> <!-- testcase.EbayAssertions -->
