<?xml version="1.0" encoding="UTF-8"?>
<!-- Generated by org.testng.reporters.JUnitReportReporter -->
<testsuite hostname="SuneelReddy-PC" name="testNG.com.SwitchingBetweenWindows" tests="1" failures="0" timestamp="10 Dec 2016 20:35:20 GMT" time="6.618" errors="0">
  <testcase name="switchBetweenWindow" time="6.618" classname="testNG.com.SwitchingBetweenWindows"/>
</testsuite> <!-- testNG.com.SwitchingBetweenWindows -->
