<?xml version="1.0" encoding="UTF-8"?>
<!-- Generated by org.testng.reporters.JUnitReportReporter -->
<testsuite hostname="SuneelReddy-PC" name="testNG.com.TestAllTheSites" tests="1" failures="0" timestamp="10 Dec 2016 01:24:21 GMT" time="40.616" errors="0">
  <testcase name="forSpiceJet" time="40.616" classname="testNG.com.TestAllTheSites"/>
</testsuite> <!-- testNG.com.TestAllTheSites -->
