<?xml version="1.0" encoding="UTF-8"?>
<!-- Generated by org.testng.reporters.JUnitReportReporter -->
<testsuite hostname="SuneelReddy-PC" name="testcase.DynamicWait" tests="1" failures="0" timestamp="4 Dec 2016 04:54:34 GMT" time="32.697" errors="0">
  <testcase name="checkingUsingDynamicWeight" time="32.697" classname="testcase.DynamicWait"/>
</testsuite> <!-- testcase.DynamicWait -->
