<?xml version="1.0" encoding="UTF-8"?>
<!-- Generated by org.testng.reporters.JUnitReportReporter -->
<testsuite hostname="SuneelReddy-PC" name="testNG.com.TestOneTestNG" tests="4" failures="0" timestamp="9 Dec 2016 20:18:52 GMT" time="59.459" errors="0">
  <testcase name="verifyBrowserTitleForEbay" time="8.850" classname="testNG.com.TestOneTestNG"/>
  <testcase name="verifyBrowserTitleForMacys" time="15.561" classname="testNG.com.TestOneTestNG"/>
  <testcase name="verifyBrowserTitleForAmazon" time="12.997" classname="testNG.com.TestOneTestNG"/>
  <testcase name="mouseHoveringOnElements" time="22.051" classname="testNG.com.TestOneTestNG"/>
</testsuite> <!-- testNG.com.TestOneTestNG -->
