<?xml version="1.0" encoding="UTF-8"?>
<!-- Generated by org.testng.reporters.JUnitReportReporter -->
<testsuite hostname="SuneelReddy-PC" name="testcase.HandlingAlerts" tests="1" failures="0" timestamp="4 Dec 2016 01:45:04 GMT" time="11.746" errors="0">
  <testcase name="checkAlertMessage" time="11.746" classname="testcase.HandlingAlerts"/>
</testsuite> <!-- testcase.HandlingAlerts -->
